info it worked if it ends with ok
verbose cli [ 'C:\\Program Files (x86)\\nodejs\\\\node.exe',
verbose cli   'C:\\Program Files (x86)\\nodejs\\node_modules\\npm\\bin\\npm-cli.js',
verbose cli   'install',
verbose cli   'mongo' ]
info using npm@1.1.0-alpha-6
info using node@v0.6.5
verbose config file C:\Users\nelson\.npmrc
verbose config file C:\Program Files (x86)\nodejs\etc\npmrc
verbose config file C:\Program Files (x86)\nodejs\node_modules\npm\npmrc
verbose mkdir done: d:\workspace\tutorials-nodejs 755
verbose caching d:\workspace\tutorials-nodejs\package.json
verbose loadDefaults tutorials@0.0.1
verbose caching d:\workspace\tutorials-nodejs\node_modules\express\package.json
verbose loadDefaults express@2.5.0
verbose caching d:\workspace\tutorials-nodejs\node_modules\jade\package.json
verbose loadDefaults jade@0.16.4
verbose caching d:\workspace\tutorials-nodejs\node_modules\mongoose\package.json
verbose loadDefaults mongoose@2.3.7
verbose from cache d:\workspace\tutorials-nodejs\package.json
verbose into d:\workspace\tutorials-nodejs [ 'mongo' ]
verbose cache add mongo
verbose cache add [ 'mongo', null ]
silly cache add: name, spec, args [ undefined, 'mongo', [ 'mongo', null ] ]
verbose parsed url { pathname: 'mongo', path: 'mongo', href: 'mongo' }
info addNamed [ 'mongo', '' ]
verbose addNamed [ null, '' ]
verbose GET mongo
verbose raw, before any munging mongo
verbose url resolving [ 'https://registry.npmjs.org/', './mongo' ]
verbose url resolved https://registry.npmjs.org/mongo
silly get cb [ 404,
silly get cb   { server: 'CouchDB/1.1.0 (Erlang OTP/R14B04)',
silly get cb     date: 'Fri, 09 Dec 2011 06:18:57 GMT',
silly get cb     'content-type': 'application/json',
silly get cb     'content-length': '52',
silly get cb     'cache-control': 'must-revalidate' } ]
ERR! 404 'mongo' is not in the npm registry.
ERR! 404 You could maybe bug the author to publish it
ERR! 404 Note that you can also install from a tarball or folder.
ERR! 
ERR! System Windows_NT 6.1.7601
ERR! command "C:\\Program Files (x86)\\nodejs\\\\node.exe" "C:\\Program Files (x86)\\nodejs\\node_modules\\npm\\bin\\npm-cli.js" "install" "mongo"
ERR! cwd d:\workspace\tutorials-nodejs
ERR! node -v v0.6.5
ERR! npm -v 1.1.0-alpha-6
ERR! code E404
ERR! message 404 Not Found: mongo
verbose exit [ 1, true ]
